0 val 10.997982
0 train 10.999555 norm 5.6232
1 train 10.258113 norm 3.2843
2 train 9.907804 norm 2.5494
3 train 9.728233 norm 2.2295
4 train 9.611418 norm 2.1190
5 train 9.551841 norm 2.0581
6 train 9.491167 norm 2.0383
7 train 9.453073 norm 1.9956
8 train 9.389709 norm 2.0015
9 train 9.354666 norm 1.9582
10 train 9.297070 norm 1.9299
11 train 9.255380 norm 1.8804
12 train 9.215379 norm 1.8480
13 train 9.166455 norm 1.8185
14 train 9.068064 norm 1.8525
15 train 9.032622 norm 1.8309
16 train 9.003285 norm 1.7695
17 train 8.928731 norm 1.7818
18 train 8.886585 norm 1.7364
19 train 8.915303 norm 1.6154
20 train 8.919231 norm 1.6276
21 train 8.719749 norm 1.6578
22 train 8.659919 norm 1.6140
23 train 8.619590 norm 1.5360
24 train 8.564445 norm 1.5021
25 train 8.493216 norm 1.4586
26 train 8.465348 norm 1.4302
27 train 8.412269 norm 1.4094
28 train 8.371363 norm 1.4320
29 train 8.296053 norm 1.4102
30 train 8.348698 norm 1.3057
31 train 8.252450 norm 1.3088
32 train 8.218681 norm 1.2749
33 train 8.189116 norm 1.2474
34 train 8.070136 norm 1.2837
35 train 8.069134 norm 1.2170
36 train 8.042350 norm 1.1788
37 train 8.015994 norm 1.1408
38 train 7.949872 norm 1.1239
39 train 7.955777 norm 1.0599
40 train 7.925042 norm 1.0464
41 train 7.857832 norm 1.0254
42 train 7.794532 norm 1.0246
43 train 7.819484 norm 0.9761
44 train 7.775002 norm 0.9227
45 train 7.773378 norm 0.8706
